<?xml version="1.0" encoding="UTF-8"?>
<testsuite xmlns:xsi="http://www.w3.org/2001/XMLSchema-instance" xsi:noNamespaceSchemaLocation="https://maven.apache.org/surefire/maven-surefire-plugin/xsd/surefire-test-report-3.0.xsd" version="3.0" name="TestIbanPort3Test" time="0.03" tests="14" errors="0" skipped="0" failures="0">
  <properties>
    <property name="java.specification.version" value="20"/>
    <property name="sun.cpu.isalist" value="amd64"/>
    <property name="sun.jnu.encoding" value="Cp1252"/>
    <property name="java.class.path" value="C:\Users\PuDDing\IdeaProjects\Unsecure-Webshop\target\test-classes;C:\Users\PuDDing\IdeaProjects\Unsecure-Webshop\target\classes;C:\Users\PuDDing\.m2\repository\javax\servlet\servlet-api\2.5\servlet-api-2.5.jar;C:\Users\PuDDing\.m2\repository\com\owlike\genson\1.6\genson-1.6.jar;C:\Users\PuDDing\.m2\repository\commons-io\commons-io\1.3.2\commons-io-1.3.2.jar;C:\Users\PuDDing\.m2\repository\org\apache\tomcat\embed\tomcat-embed-core\8.5.85\tomcat-embed-core-8.5.85.jar;C:\Users\PuDDing\.m2\repository\org\apache\tomcat\tomcat-annotations-api\8.5.85\tomcat-annotations-api-8.5.85.jar;C:\Users\PuDDing\.m2\repository\org\apache\tomcat\embed\tomcat-embed-jasper\8.5.85\tomcat-embed-jasper-8.5.85.jar;C:\Users\PuDDing\.m2\repository\org\apache\tomcat\embed\tomcat-embed-el\8.5.85\tomcat-embed-el-8.5.85.jar;C:\Users\PuDDing\.m2\repository\org\eclipse\jdt\ecj\3.12.3\ecj-3.12.3.jar;C:\Users\PuDDing\.m2\repository\javax\ws\rs\javax.ws.rs-api\2.1\javax.ws.rs-api-2.1.jar;C:\Users\PuDDing\.m2\repository\org\glassfish\jersey\core\jersey-server\2.31\jersey-server-2.31.jar;C:\Users\PuDDing\.m2\repository\org\glassfish\jersey\core\jersey-common\2.31\jersey-common-2.31.jar;C:\Users\PuDDing\.m2\repository\org\glassfish\hk2\osgi-resource-locator\1.0.3\osgi-resource-locator-1.0.3.jar;C:\Users\PuDDing\.m2\repository\com\sun\activation\jakarta.activation\1.2.2\jakarta.activation-1.2.2.jar;C:\Users\PuDDing\.m2\repository\org\glassfish\jersey\core\jersey-client\2.31\jersey-client-2.31.jar;C:\Users\PuDDing\.m2\repository\org\glassfish\jersey\media\jersey-media-jaxb\2.31\jersey-media-jaxb-2.31.jar;C:\Users\PuDDing\.m2\repository\jakarta\annotation\jakarta.annotation-api\1.3.5\jakarta.annotation-api-1.3.5.jar;C:\Users\PuDDing\.m2\repository\org\glassfish\hk2\external\jakarta.inject\2.6.1\jakarta.inject-2.6.1.jar;C:\Users\PuDDing\.m2\repository\jakarta\validation\jakarta.validation-api\2.0.2\jakarta.validation-api-2.0.2.jar;C:\Users\PuDDing\.m2\repository\jakarta\xml\bind\jakarta.xml.bind-api\2.3.3\jakarta.xml.bind-api-2.3.3.jar;C:\Users\PuDDing\.m2\repository\jakarta\activation\jakarta.activation-api\1.2.2\jakarta.activation-api-1.2.2.jar;C:\Users\PuDDing\.m2\repository\org\glassfish\jersey\containers\jersey-container-servlet\2.31\jersey-container-servlet-2.31.jar;C:\Users\PuDDing\.m2\repository\org\glassfish\jersey\containers\jersey-container-servlet-core\2.31\jersey-container-servlet-core-2.31.jar;C:\Users\PuDDing\.m2\repository\org\glassfish\jersey\ext\jersey-declarative-linking\2.31\jersey-declarative-linking-2.31.jar;C:\Users\PuDDing\.m2\repository\org\glassfish\jersey\media\jersey-media-multipart\2.31\jersey-media-multipart-2.31.jar;C:\Users\PuDDing\.m2\repository\org\jvnet\mimepull\mimepull\1.9.13\mimepull-1.9.13.jar;C:\Users\PuDDing\.m2\repository\com\squareup\okhttp3\okhttp\3.7.0\okhttp-3.7.0.jar;C:\Users\PuDDing\.m2\repository\com\squareup\okio\okio\1.12.0\okio-1.12.0.jar;C:\Users\PuDDing\.m2\repository\commons-lang\commons-lang\2.6\commons-lang-2.6.jar;C:\Users\PuDDing\.m2\repository\org\glassfish\jersey\inject\jersey-hk2\2.31\jersey-hk2-2.31.jar;C:\Users\PuDDing\.m2\repository\org\glassfish\hk2\hk2-locator\2.6.1\hk2-locator-2.6.1.jar;C:\Users\PuDDing\.m2\repository\org\glassfish\hk2\external\aopalliance-repackaged\2.6.1\aopalliance-repackaged-2.6.1.jar;C:\Users\PuDDing\.m2\repository\org\glassfish\hk2\hk2-api\2.6.1\hk2-api-2.6.1.jar;C:\Users\PuDDing\.m2\repository\org\glassfish\hk2\hk2-utils\2.6.1\hk2-utils-2.6.1.jar;C:\Users\PuDDing\.m2\repository\org\javassist\javassist\3.25.0-GA\javassist-3.25.0-GA.jar;C:\Users\PuDDing\.m2\repository\jakarta\ws\rs\jakarta.ws.rs-api\2.1.6\jakarta.ws.rs-api-2.1.6.jar;C:\Users\PuDDing\.m2\repository\com\google\guava\guava\30.0-jre\guava-30.0-jre.jar;C:\Users\PuDDing\.m2\repository\com\google\guava\failureaccess\1.0.1\failureaccess-1.0.1.jar;C:\Users\PuDDing\.m2\repository\com\google\guava\listenablefuture\9999.0-empty-to-avoid-conflict-with-guava\listenablefuture-9999.0-empty-to-avoid-conflict-with-guava.jar;C:\Users\PuDDing\.m2\repository\com\google\code\findbugs\jsr305\3.0.2\jsr305-3.0.2.jar;C:\Users\PuDDing\.m2\repository\org\checkerframework\checker-qual\3.5.0\checker-qual-3.5.0.jar;C:\Users\PuDDing\.m2\repository\com\google\errorprone\error_prone_annotations\2.3.4\error_prone_annotations-2.3.4.jar;C:\Users\PuDDing\.m2\repository\com\google\j2objc\j2objc-annotations\1.3\j2objc-annotations-1.3.jar;C:\Users\PuDDing\.m2\repository\org\xerial\sqlite-jdbc\3.36.0.3\sqlite-jdbc-3.36.0.3.jar;C:\Users\PuDDing\.m2\repository\org\junit\jupiter\junit-jupiter\5.9.1\junit-jupiter-5.9.1.jar;C:\Users\PuDDing\.m2\repository\org\junit\jupiter\junit-jupiter-api\5.9.1\junit-jupiter-api-5.9.1.jar;C:\Users\PuDDing\.m2\repository\org\opentest4j\opentest4j\1.2.0\opentest4j-1.2.0.jar;C:\Users\PuDDing\.m2\repository\org\junit\platform\junit-platform-commons\1.9.1\junit-platform-commons-1.9.1.jar;C:\Users\PuDDing\.m2\repository\org\junit\jupiter\junit-jupiter-engine\5.9.1\junit-jupiter-engine-5.9.1.jar;C:\Users\PuDDing\.m2\repository\org\junit\platform\junit-platform-engine\1.9.1\junit-platform-engine-1.9.1.jar;C:\Users\PuDDing\.m2\repository\org\json\json\20220320\json-20220320.jar;C:\Users\PuDDing\.m2\repository\org\junit\jupiter\junit-jupiter-params\5.8.1\junit-jupiter-params-5.8.1.jar;C:\Users\PuDDing\.m2\repository\org\apiguardian\apiguardian-api\1.1.2\apiguardian-api-1.1.2.jar;C:\Users\PuDDing\.m2\repository\junit\junit\4.13.2\junit-4.13.2.jar;C:\Users\PuDDing\.m2\repository\org\hamcrest\hamcrest-core\1.3\hamcrest-core-1.3.jar;"/>
    <property name="java.vm.vendor" value="Oracle Corporation"/>
    <property name="sun.arch.data.model" value="64"/>
    <property name="user.variant" value=""/>
    <property name="java.vendor.url" value="https://java.oracle.com/"/>
    <property name="user.timezone" value="Europe/Berlin"/>
    <property name="os.name" value="Windows 11"/>
    <property name="java.vm.specification.version" value="20"/>
    <property name="sun.java.launcher" value="SUN_STANDARD"/>
    <property name="user.country" value="DE"/>
    <property name="sun.boot.library.path" value="C:\Program Files\Java\jdk-20\bin"/>
    <property name="sun.java.command" value="C:\Users\PuDDing\AppData\Local\Temp\surefire15210927982218285196\surefirebooter-20230516161912689_3.jar C:\Users\PuDDing\AppData\Local\Temp\surefire15210927982218285196 2023-05-16T16-19-12_575-jvmRun1 surefire-20230516161912689_1tmp surefire_0-20230516161912689_2tmp"/>
    <property name="jdk.debug" value="release"/>
    <property name="surefire.test.class.path" value="C:\Users\PuDDing\IdeaProjects\Unsecure-Webshop\target\test-classes;C:\Users\PuDDing\IdeaProjects\Unsecure-Webshop\target\classes;C:\Users\PuDDing\.m2\repository\javax\servlet\servlet-api\2.5\servlet-api-2.5.jar;C:\Users\PuDDing\.m2\repository\com\owlike\genson\1.6\genson-1.6.jar;C:\Users\PuDDing\.m2\repository\commons-io\commons-io\1.3.2\commons-io-1.3.2.jar;C:\Users\PuDDing\.m2\repository\org\apache\tomcat\embed\tomcat-embed-core\8.5.85\tomcat-embed-core-8.5.85.jar;C:\Users\PuDDing\.m2\repository\org\apache\tomcat\tomcat-annotations-api\8.5.85\tomcat-annotations-api-8.5.85.jar;C:\Users\PuDDing\.m2\repository\org\apache\tomcat\embed\tomcat-embed-jasper\8.5.85\tomcat-embed-jasper-8.5.85.jar;C:\Users\PuDDing\.m2\repository\org\apache\tomcat\embed\tomcat-embed-el\8.5.85\tomcat-embed-el-8.5.85.jar;C:\Users\PuDDing\.m2\repository\org\eclipse\jdt\ecj\3.12.3\ecj-3.12.3.jar;C:\Users\PuDDing\.m2\repository\javax\ws\rs\javax.ws.rs-api\2.1\javax.ws.rs-api-2.1.jar;C:\Users\PuDDing\.m2\repository\org\glassfish\jersey\core\jersey-server\2.31\jersey-server-2.31.jar;C:\Users\PuDDing\.m2\repository\org\glassfish\jersey\core\jersey-common\2.31\jersey-common-2.31.jar;C:\Users\PuDDing\.m2\repository\org\glassfish\hk2\osgi-resource-locator\1.0.3\osgi-resource-locator-1.0.3.jar;C:\Users\PuDDing\.m2\repository\com\sun\activation\jakarta.activation\1.2.2\jakarta.activation-1.2.2.jar;C:\Users\PuDDing\.m2\repository\org\glassfish\jersey\core\jersey-client\2.31\jersey-client-2.31.jar;C:\Users\PuDDing\.m2\repository\org\glassfish\jersey\media\jersey-media-jaxb\2.31\jersey-media-jaxb-2.31.jar;C:\Users\PuDDing\.m2\repository\jakarta\annotation\jakarta.annotation-api\1.3.5\jakarta.annotation-api-1.3.5.jar;C:\Users\PuDDing\.m2\repository\org\glassfish\hk2\external\jakarta.inject\2.6.1\jakarta.inject-2.6.1.jar;C:\Users\PuDDing\.m2\repository\jakarta\validation\jakarta.validation-api\2.0.2\jakarta.validation-api-2.0.2.jar;C:\Users\PuDDing\.m2\repository\jakarta\xml\bind\jakarta.xml.bind-api\2.3.3\jakarta.xml.bind-api-2.3.3.jar;C:\Users\PuDDing\.m2\repository\jakarta\activation\jakarta.activation-api\1.2.2\jakarta.activation-api-1.2.2.jar;C:\Users\PuDDing\.m2\repository\org\glassfish\jersey\containers\jersey-container-servlet\2.31\jersey-container-servlet-2.31.jar;C:\Users\PuDDing\.m2\repository\org\glassfish\jersey\containers\jersey-container-servlet-core\2.31\jersey-container-servlet-core-2.31.jar;C:\Users\PuDDing\.m2\repository\org\glassfish\jersey\ext\jersey-declarative-linking\2.31\jersey-declarative-linking-2.31.jar;C:\Users\PuDDing\.m2\repository\org\glassfish\jersey\media\jersey-media-multipart\2.31\jersey-media-multipart-2.31.jar;C:\Users\PuDDing\.m2\repository\org\jvnet\mimepull\mimepull\1.9.13\mimepull-1.9.13.jar;C:\Users\PuDDing\.m2\repository\com\squareup\okhttp3\okhttp\3.7.0\okhttp-3.7.0.jar;C:\Users\PuDDing\.m2\repository\com\squareup\okio\okio\1.12.0\okio-1.12.0.jar;C:\Users\PuDDing\.m2\repository\commons-lang\commons-lang\2.6\commons-lang-2.6.jar;C:\Users\PuDDing\.m2\repository\org\glassfish\jersey\inject\jersey-hk2\2.31\jersey-hk2-2.31.jar;C:\Users\PuDDing\.m2\repository\org\glassfish\hk2\hk2-locator\2.6.1\hk2-locator-2.6.1.jar;C:\Users\PuDDing\.m2\repository\org\glassfish\hk2\external\aopalliance-repackaged\2.6.1\aopalliance-repackaged-2.6.1.jar;C:\Users\PuDDing\.m2\repository\org\glassfish\hk2\hk2-api\2.6.1\hk2-api-2.6.1.jar;C:\Users\PuDDing\.m2\repository\org\glassfish\hk2\hk2-utils\2.6.1\hk2-utils-2.6.1.jar;C:\Users\PuDDing\.m2\repository\org\javassist\javassist\3.25.0-GA\javassist-3.25.0-GA.jar;C:\Users\PuDDing\.m2\repository\jakarta\ws\rs\jakarta.ws.rs-api\2.1.6\jakarta.ws.rs-api-2.1.6.jar;C:\Users\PuDDing\.m2\repository\com\google\guava\guava\30.0-jre\guava-30.0-jre.jar;C:\Users\PuDDing\.m2\repository\com\google\guava\failureaccess\1.0.1\failureaccess-1.0.1.jar;C:\Users\PuDDing\.m2\repository\com\google\guava\listenablefuture\9999.0-empty-to-avoid-conflict-with-guava\listenablefuture-9999.0-empty-to-avoid-conflict-with-guava.jar;C:\Users\PuDDing\.m2\repository\com\google\code\findbugs\jsr305\3.0.2\jsr305-3.0.2.jar;C:\Users\PuDDing\.m2\repository\org\checkerframework\checker-qual\3.5.0\checker-qual-3.5.0.jar;C:\Users\PuDDing\.m2\repository\com\google\errorprone\error_prone_annotations\2.3.4\error_prone_annotations-2.3.4.jar;C:\Users\PuDDing\.m2\repository\com\google\j2objc\j2objc-annotations\1.3\j2objc-annotations-1.3.jar;C:\Users\PuDDing\.m2\repository\org\xerial\sqlite-jdbc\3.36.0.3\sqlite-jdbc-3.36.0.3.jar;C:\Users\PuDDing\.m2\repository\org\junit\jupiter\junit-jupiter\5.9.1\junit-jupiter-5.9.1.jar;C:\Users\PuDDing\.m2\repository\org\junit\jupiter\junit-jupiter-api\5.9.1\junit-jupiter-api-5.9.1.jar;C:\Users\PuDDing\.m2\repository\org\opentest4j\opentest4j\1.2.0\opentest4j-1.2.0.jar;C:\Users\PuDDing\.m2\repository\org\junit\platform\junit-platform-commons\1.9.1\junit-platform-commons-1.9.1.jar;C:\Users\PuDDing\.m2\repository\org\junit\jupiter\junit-jupiter-engine\5.9.1\junit-jupiter-engine-5.9.1.jar;C:\Users\PuDDing\.m2\repository\org\junit\platform\junit-platform-engine\1.9.1\junit-platform-engine-1.9.1.jar;C:\Users\PuDDing\.m2\repository\org\json\json\20220320\json-20220320.jar;C:\Users\PuDDing\.m2\repository\org\junit\jupiter\junit-jupiter-params\5.8.1\junit-jupiter-params-5.8.1.jar;C:\Users\PuDDing\.m2\repository\org\apiguardian\apiguardian-api\1.1.2\apiguardian-api-1.1.2.jar;C:\Users\PuDDing\.m2\repository\junit\junit\4.13.2\junit-4.13.2.jar;C:\Users\PuDDing\.m2\repository\org\hamcrest\hamcrest-core\1.3\hamcrest-core-1.3.jar;"/>
    <property name="sun.cpu.endian" value="little"/>
    <property name="user.home" value="C:\Users\PuDDing"/>
    <property name="user.language" value="de"/>
    <property name="java.specification.vendor" value="Oracle Corporation"/>
    <property name="java.version.date" value="2023-04-18"/>
    <property name="java.home" value="C:\Program Files\Java\jdk-20"/>
    <property name="file.separator" value="\"/>
    <property name="basedir" value="C:\Users\PuDDing\IdeaProjects\Unsecure-Webshop"/>
    <property name="java.vm.compressedOopsMode" value="Zero based"/>
    <property name="line.separator" value="&#10;"/>
    <property name="java.vm.specification.vendor" value="Oracle Corporation"/>
    <property name="java.specification.name" value="Java Platform API Specification"/>
    <property name="surefire.real.class.path" value="C:\Users\PuDDing\AppData\Local\Temp\surefire15210927982218285196\surefirebooter-20230516161912689_3.jar"/>
    <property name="user.script" value=""/>
    <property name="sun.management.compiler" value="HotSpot 64-Bit Tiered Compilers"/>
    <property name="java.runtime.version" value="20.0.1+9-29"/>
    <property name="user.name" value="PuDDing"/>
    <property name="stdout.encoding" value="Cp1252"/>
    <property name="path.separator" value=";"/>
    <property name="os.version" value="10.0"/>
    <property name="java.runtime.name" value="Java(TM) SE Runtime Environment"/>
    <property name="file.encoding" value="UTF-8"/>
    <property name="deployAtEnd" value="true"/>
    <property name="java.vm.name" value="Java HotSpot(TM) 64-Bit Server VM"/>
    <property name="localRepository" value="C:\Users\PuDDing\.m2\repository"/>
    <property name="java.vendor.url.bug" value="https://bugreport.java.com/bugreport/"/>
    <property name="java.io.tmpdir" value="C:\Users\PuDDing\AppData\Local\Temp\"/>
    <property name="installAtEnd" value="true"/>
    <property name="java.version" value="20.0.1"/>
    <property name="user.dir" value="C:\Users\PuDDing\IdeaProjects\Unsecure-Webshop"/>
    <property name="os.arch" value="amd64"/>
    <property name="java.vm.specification.name" value="Java Virtual Machine Specification"/>
    <property name="sun.os.patch.level" value=""/>
    <property name="native.encoding" value="Cp1252"/>
    <property name="java.library.path" value="C:\Program Files\Java\jdk-20\bin;C:\WINDOWS\Sun\Java\bin;C:\WINDOWS\system32;C:\WINDOWS;C:\Program Files\Common Files\Oracle\Java\javapath;C:\Program Files (x86)\Common Files\Oracle\Java\javapath;C:\ProgramData\Oracle\Java\javapath;C:\msys64\mingw64\bin;C:\WINDOWS\system32;C:\WINDOWS;C:\WINDOWS\System32\Wbem;C:\WINDOWS\System32\WindowsPowerShell\v1.0\;C:\WINDOWS\System32\OpenSSH\;C:\Program Files\Git\cmd;C:\Program Files\MATLAB\R2022a\runtime\win64;C:\Program Files\MATLAB\R2022a\bin;C:\ProgramData\chocolatey\bin;C:\Program Files\Docker\Docker\resources\bin;C:\ProgramData\DockerDesktop\version-bin;C:\Program Files\NVIDIA Corporation\NVIDIA NvDLISR;C:\Program Files (x86)\NVIDIA Corporation\PhysX\Common;C:\Program Files\nodejs\;C:\WINDOWS\system32;C:\WINDOWS;C:\WINDOWS\System32\Wbem;C:\WINDOWS\System32\WindowsPowerShell\v1.0\;C:\WINDOWS\System32\OpenSSH\;C:\Users\PuDDing\AppData\Local\Programs\Python\Python311\Scripts\;C:\Users\PuDDing\AppData\Local\Programs\Python\Python311\;C:\Program Files\MySQL\MySQL Shell 8.0\bin\;C:\Users\PuDDing\AppData\Local\Microsoft\WindowsApps;C:\IntelliJ\IntelliJ IDEA Community Edition 2021.3.3\bin;C:\Clion\CLion 2021.3.4\bin;C:\Users\PuDDing\AppData\Local\Programs\MiKTeX\miktex\bin\x64\;C:\Users\PuDDing\AppData\Roaming\npm;C:\Users\PuDDing\AppData\Local\JetBrains\Toolbox\scripts;D:\Studium\BIN 6\Seminar IT Sec\Flutter\flutter\bin;C:\Users\PuDDing\AppData\Local\Microsoft\WindowsApps;D:\Studium\apache-maven-3.9.2-bin\apache-maven-3.9.2\bin;;."/>
    <property name="java.vm.info" value="mixed mode, sharing"/>
    <property name="stderr.encoding" value="Cp1252"/>
    <property name="java.vendor" value="Oracle Corporation"/>
    <property name="java.vm.version" value="20.0.1+9-29"/>
    <property name="sun.io.unicode.encoding" value="UnicodeLittle"/>
    <property name="java.class.version" value="64.0"/>
  </properties>
  <testcase name="testIbanFalse(String, String, String)[1]" classname="TestIbanPort3Test" time="0.001">
    <system-out><![CDATA[T1.1

]]></system-out>
  </testcase>
  <testcase name="testIbanFalse(String, String, String)[2]" classname="TestIbanPort3Test" time="0.001">
    <system-out><![CDATA[T1.2

]]></system-out>
  </testcase>
  <testcase name="testIbanFalse(String, String, String)[3]" classname="TestIbanPort3Test" time="0.001">
    <system-out><![CDATA[T1.3

]]></system-out>
  </testcase>
  <testcase name="testIbanFalse(String, String, String)[4]" classname="TestIbanPort3Test" time="0">
    <system-out><![CDATA[T1.4

]]></system-out>
  </testcase>
  <testcase name="testIbanFalse(String, String, String)[5]" classname="TestIbanPort3Test" time="0.002">
    <system-out><![CDATA[T1.7

]]></system-out>
  </testcase>
  <testcase name="testIbanFalse(String, String, String)[6]" classname="TestIbanPort3Test" time="0.001">
    <system-out><![CDATA[T1.8

]]></system-out>
  </testcase>
  <testcase name="testIbanFalse(String, String, String)[7]" classname="TestIbanPort3Test" time="0">
    <system-out><![CDATA[T1.9

]]></system-out>
  </testcase>
  <testcase name="testIbanFalse(String, String, String)[8]" classname="TestIbanPort3Test" time="0.001">
    <system-out><![CDATA[T1.10

]]></system-out>
  </testcase>
  <testcase name="testIbanFalse(String, String, String)[9]" classname="TestIbanPort3Test" time="0.001">
    <system-out><![CDATA[T1.13

]]></system-out>
  </testcase>
  <testcase name="testIbanFalse(String, String, String)[10]" classname="TestIbanPort3Test" time="0">
    <system-out><![CDATA[T1.14

]]></system-out>
  </testcase>
  <testcase name="testIbanTrue(String, String, String)[1]" classname="TestIbanPort3Test" time="0.001">
    <system-out><![CDATA[T1.5

]]></system-out>
  </testcase>
  <testcase name="testIbanTrue(String, String, String)[2]" classname="TestIbanPort3Test" time="0.001">
    <system-out><![CDATA[T1.6

]]></system-out>
  </testcase>
  <testcase name="testIbanTrue(String, String, String)[3]" classname="TestIbanPort3Test" time="0.001">
    <system-out><![CDATA[T1.11

]]></system-out>
  </testcase>
  <testcase name="testIbanTrue(String, String, String)[4]" classname="TestIbanPort3Test" time="0.001">
    <system-out><![CDATA[T1.12

]]></system-out>
  </testcase>
</testsuite>